Server is running on PORT 5000
MONGODB CONNECTED to RMS library
📖 GET /api/books called { query: {} }
📚 Found 0 books (total matching: 0)
::1 - - [08/Oct/2025:18:44:01 +0000] "GET /api/books HTTP/1.1" 200 72 "-" "curl/8.5.0"
Server is running on PORT 5000
MONGODB CONNECTED to RMS library
📖 GET /api/books called { query: {} }
📚 Found 20 books (total matching: 9337)
::1 - - [08/Oct/2025:18:45:23 +0000] "GET /api/books HTTP/1.1" 200 11641 "-" "curl/8.5.0"
📖 GET /api/books called { query: {} }
📚 Found 20 books (total matching: 9337)
152.56.129.251 - - [08/Oct/2025:18:46:31 +0000] "GET /api/books HTTP/1.1" 200 11641 "-" "Mozilla/5.0 (Windows NT 10.0; Win64; x64) AppleWebKit/537.36 (KHTML, like Gecko) Chrome/141.0.0.0 Safari/537.36"
📖 GET /api/books called { query: {} }
📚 Found 20 books (total matching: 9337)
127.0.0.1 - - [08/Oct/2025:18:50:26 +0000] "GET /api/books HTTP/1.1" 200 11641 "-" "curl/8.5.0"
Server is running on PORT 5000
MONGODB CONNECTED (DB: test)
📖 GET /api/books called { query: {} }
📚 Found 20 books (total matching: 9337)
::1 - - [08/Oct/2025:18:52:33 +0000] "GET /api/books HTTP/1.1" 200 11641 "-" "curl/8.5.0"
